[12:22:49.779] [INFO] Storybook Upgrade - v9.1.16
[12:22:49.787] [INFO] detect-projects-spinner-start: Detecting projects...
[12:22:49.789] [DEBUG] Finding Storybook projects...
[12:22:49.894] [DEBUG] Found 0 Storybook projects
[12:23:28.548] [PROMPT] No Storybook projects were found. Please enter the path to the .storybook directory for the project you want to upgrade. {}
[12:23:28.549] [ERROR] Failed to find Storybook projects
[12:23:28.563] [ERROR] Failed to get projects
[12:23:28.576] [ERROR] TypeError: Cannot read properties of undefined (reading 'toString')
    at Mr.text (/Users/me/.npm/_npx/e2379662f955a86b/node_modules/storybook/dist/node-logger/index.cjs:7431:85)
    at process.processTicksAndRejections (node:internal/process/task_queues:105:5)
    at async findStorybookProjects (/Users/me/.npm/_npx/e2379662f955a86b/node_modules/@storybook/cli/dist/bin/index.cjs:71:4793)
    at async getProjects (/Users/me/.npm/_npx/e2379662f955a86b/node_modules/@storybook/cli/dist/bin/index.cjs:74:774)
    at async /Users/me/.npm/_npx/e2379662f955a86b/node_modules/@storybook/cli/dist/bin/index.cjs:285:1637
    at async withTelemetry (/Users/me/.npm/_npx/e2379662f955a86b/node_modules/storybook/dist/core-server/index.cjs:42352:12)
    at async upgrade (/Users/me/.npm/_npx/e2379662f955a86b/node_modules/@storybook/cli/dist/bin/index.cjs:285:1361)
    at async Command.<anonymous> (/Users/me/.npm/_npx/e2379662f955a86b/node_modules/@storybook/cli/dist/bin/index.cjs:291:3312)
[12:23:28.586] [INFO] Attention: Storybook now collects completely anonymous telemetry regarding usage. This information is used to shape Storybook's roadmap and prioritize features.
[12:23:28.594] [INFO] You can learn more, including how to opt-out if you'd not like to participate in this anonymous program, by visiting the following URL:
[12:23:28.600] [INFO] https://storybook.js.org/telemetry
[12:23:28.608] [INFO] 
[12:23:29.447] [ERROR] TypeError: Cannot read properties of undefined (reading 'toString')